Mar 16, 2019 9:32:24 PM u10a1_java_streams.u10a1 main
INFO: ****** Program Start ******
Mar 16, 2019 9:32:24 PM u10a1_java_streams.u10a1 main
INFO: Creating logger for program.
Mar 16, 2019 9:32:24 PM u10a1_java_streams.u10a1 start
INFO: Create User Interface and show stage
Mar 16, 2019 9:32:24 PM u10a1_java_streams.u10a1 start
INFO: Create Stream<GradeEntry> gradeStream -> map data for (new GradeEntry)
Mar 16, 2019 9:32:24 PM u10a1_java_streams.u10a1 start
INFO: Map<String, Double> assignmentAverage -> collector for GradeEntry (terminal operation)
Mar 16, 2019 9:32:24 PM u10a1_java_streams.u10a1 start
INFO: ArrayList<AssignmentInfo> assignmentInfoList -> set key/value pairs in array
Mar 16, 2019 9:32:24 PM u10a1_java_streams.u10a1 start
INFO: Cast ArrayList<AssignmentInfo> assignmentInfoList as an ObservableList<AssignmentInfo> courseAvg
Mar 16, 2019 9:32:24 PM u10a1_java_streams.u10a1 start
INFO: Set items from ObservableList<AssignmentInfo> courseAvg to tableview
Mar 16, 2019 9:32:27 PM u10a1_java_streams.u10a1 lambda$start$0
INFO: Display message with column selection using messageLabel. 
 Course: u01a1	Average Score: 77.395
Mar 16, 2019 9:32:28 PM u10a1_java_streams.u10a1 lambda$start$0
INFO: Display message with column selection using messageLabel. 
 Course: u02a1	Average Score: 68.085
Mar 16, 2019 9:32:28 PM u10a1_java_streams.u10a1 lambda$start$0
INFO: Display message with column selection using messageLabel. 
 Course: u03a1	Average Score: 80.465
Mar 16, 2019 9:32:29 PM u10a1_java_streams.u10a1 lambda$start$0
INFO: Display message with column selection using messageLabel. 
 Course: u04a1	Average Score: 65.78
Mar 16, 2019 9:32:29 PM u10a1_java_streams.u10a1 lambda$start$0
INFO: Display message with column selection using messageLabel. 
 Course: u05a1	Average Score: 78.1
Mar 16, 2019 9:32:30 PM u10a1_java_streams.u10a1 lambda$start$0
INFO: Display message with column selection using messageLabel. 
 Course: u08a1	Average Score: 68.795
Mar 16, 2019 9:32:30 PM u10a1_java_streams.u10a1 lambda$start$0
INFO: Display message with column selection using messageLabel. 
 Course: u09a1	Average Score: 79.67
Mar 16, 2019 9:32:31 PM u10a1_java_streams.u10a1 lambda$start$0
INFO: Display message with column selection using messageLabel. 
 Course: u10a1	Average Score: 65.49
Mar 16, 2019 9:32:33 PM u10a1_java_streams.u10a1 lambda$start$0
INFO: Display message with column selection using messageLabel. 
 Course: u01a1	Average Score: 77.395
Mar 16, 2019 9:32:34 PM u10a1_java_streams.u10a1 lambda$start$0
INFO: Display message with column selection using messageLabel. 
 Course: u01a1	Average Score: 77.395
Mar 16, 2019 9:32:35 PM u10a1_java_streams.u10a1 lambda$start$0
INFO: Display message with column selection using messageLabel. 
 Course: u10a1	Average Score: 65.49
Mar 16, 2019 9:32:36 PM u10a1_java_streams.u10a1 lambda$start$0
INFO: Display message with column selection using messageLabel. 
 Course: u04a1	Average Score: 65.78
Mar 16, 2019 9:32:36 PM u10a1_java_streams.u10a1 lambda$start$0
INFO: Display message with column selection using messageLabel. 
 Course: u02a1	Average Score: 68.085
Mar 16, 2019 9:32:37 PM u10a1_java_streams.u10a1 lambda$start$0
INFO: Display message with column selection using messageLabel. 
 Course: u08a1	Average Score: 68.795
Mar 16, 2019 9:32:37 PM u10a1_java_streams.u10a1 lambda$start$0
INFO: Display message with column selection using messageLabel. 
 Course: u01a1	Average Score: 77.395
Mar 16, 2019 9:32:37 PM u10a1_java_streams.u10a1 lambda$start$0
INFO: Display message with column selection using messageLabel. 
 Course: u05a1	Average Score: 78.1
Mar 16, 2019 9:32:38 PM u10a1_java_streams.u10a1 lambda$start$0
INFO: Display message with column selection using messageLabel. 
 Course: u07a1	Average Score: 79.225
Mar 16, 2019 9:32:38 PM u10a1_java_streams.u10a1 lambda$start$0
INFO: Display message with column selection using messageLabel. 
 Course: u09a1	Average Score: 79.67
Mar 16, 2019 9:32:39 PM u10a1_java_streams.u10a1 lambda$start$0
INFO: Display message with column selection using messageLabel. 
 Course: u03a1	Average Score: 80.465
