<?xml version="1.0" encoding="UTF-8" standalone="no"?>
<!DOCTYPE log SYSTEM "logger.dtd">
<log>
<record>
  <date>2019-01-13T14:27:18</date>
  <millis>1547407638411</millis>
  <sequence>0</sequence>
  <logger>it4749.u01a1_javafxregisterforcourse.U01A1_JavaFXRegisterForCourse</logger>
  <level>INFO</level>
  <class>it4749.u01a1_javafxregisterforcourse.U01A1_JavaFXRegisterForCourse</class>
  <method>main</method>
  <thread>1</thread>
  <message>Starting JavaFX user interface</message>
</record>
<record>
  <date>2019-01-13T14:27:40</date>
  <millis>1547407660802</millis>
  <sequence>1</sequence>
  <logger>it4749.u01a1_javafxregisterforcourse.U01A1_JavaFXRegisterForCourse</logger>
  <level>CONFIG</level>
  <class>it4749.u01a1_javafxregisterforcourse.U01A1_JavaFXRegisterForCourse</class>
  <method>lambda$start$1</method>
  <thread>13</thread>
  <message>SELECTED course text file</message>
</record>
<record>
  <date>2019-01-13T14:27:52</date>
  <millis>1547407672134</millis>
  <sequence>2</sequence>
  <logger>it4749.u01a1_javafxregisterforcourse.U01A1_JavaFXRegisterForCourse</logger>
  <level>INFO</level>
  <class>it4749.u01a1_javafxregisterforcourse.U01A1_JavaFXRegisterForCourse</class>
  <method>lambda$start$0</method>
  <thread>13</thread>
  <message>SELECTED course to register</message>
</record>
<record>
  <date>2019-01-13T14:27:58</date>
  <millis>1547407678137</millis>
  <sequence>3</sequence>
  <logger>it4749.u01a1_javafxregisterforcourse.U01A1_JavaFXRegisterForCourse</logger>
  <level>INFO</level>
  <class>it4749.u01a1_javafxregisterforcourse.U01A1_JavaFXRegisterForCourse</class>
  <method>lambda$start$0</method>
  <thread>13</thread>
  <message>SELECTED course to register</message>
</record>
<record>
  <date>2019-01-13T14:28:04</date>
  <millis>1547407684981</millis>
  <sequence>4</sequence>
  <logger>it4749.u01a1_javafxregisterforcourse.U01A1_JavaFXRegisterForCourse</logger>
  <level>SEVERE</level>
  <class>it4749.u01a1_javafxregisterforcourse.U01A1_JavaFXRegisterForCourse</class>
  <method>lambda$start$0</method>
  <thread>13</thread>
  <message>Attempted duplicate registration</message>
</record>
<record>
  <date>2019-01-13T14:28:11</date>
  <millis>1547407691849</millis>
  <sequence>5</sequence>
  <logger>it4749.u01a1_javafxregisterforcourse.U01A1_JavaFXRegisterForCourse</logger>
  <level>INFO</level>
  <class>it4749.u01a1_javafxregisterforcourse.U01A1_JavaFXRegisterForCourse</class>
  <method>lambda$start$0</method>
  <thread>13</thread>
  <message>SELECTED course to register</message>
</record>
<record>
  <date>2019-01-13T14:28:16</date>
  <millis>1547407696489</millis>
  <sequence>6</sequence>
  <logger>it4749.u01a1_javafxregisterforcourse.U01A1_JavaFXRegisterForCourse</logger>
  <level>SEVERE</level>
  <class>it4749.u01a1_javafxregisterforcourse.U01A1_JavaFXRegisterForCourse</class>
  <method>lambda$start$0</method>
  <thread>13</thread>
  <message>Attempted registration for more than 9 credit hours</message>
</record>
</log>
